android/app/build/intermediates/manifest_merge_blame_file/debug/processDebugMainManifest/manifest-merger-blame-debug-report.txt
1<?xml version="1.0" encoding="utf-8"?>
2<manifest xmlns:android="http://schemas.android.com/apk/res/android"
3    package="com.example.car_plaza"
4    android:versionCode="1"
5    android:versionName="1.0.0" >
6
7    <uses-sdk
8        android:minSdkVersion="23"
9        android:targetSdkVersion="34" />
10    <!--
11         The INTERNET permission is required for development. Specifically,
12         the Flutter tool needs it to communicate with the running application
13         to allow setting breakpoints, to provide hot reload, etc.
14    -->
15    <uses-permission android:name="android.permission.INTERNET" />
15-->src\main\AndroidManifest.xml:5:5-67
15-->src\main\AndroidManifest.xml:5:22-64
16    <!-- Required for querying text processing activities -->
17    <queries>
17-->src\main\AndroidManifest.xml:41:5-46:15
18        <intent>
18-->src\main\AndroidManifest.xml:42:9-45:18
19            <action android:name="android.intent.action.PROCESS_TEXT" />
19-->src\main\AndroidManifest.xml:43:13-72
19-->src\main\AndroidManifest.xml:43:21-70
20
21            <data android:mimeType="text/plain" />
21-->src\main\AndroidManifest.xml:44:13-50
21-->src\main\AndroidManifest.xml:44:19-48
22        </intent>
23    </queries>
24
25    <application
25-->src\main\AndroidManifest.xml:7:5-38:19
26        android:name="com.example.car_plaza.MainApplication"
26-->src\main\AndroidManifest.xml:9:9-61
27        android:debuggable="true"
28        android:extractNativeLibs="false"
29        android:icon="@mipmap/ic_launcher"
29-->src\main\AndroidManifest.xml:10:9-43
30        android:label="car_plaza"
30-->src\main\AndroidManifest.xml:8:9-34
31        android:usesCleartextTraffic="true" >
31-->src\main\AndroidManifest.xml:11:9-44
32        <activity
32-->src\main\AndroidManifest.xml:13:9-32:20
33            android:name="com.example.car_plaza.MainActivity"
33-->src\main\AndroidManifest.xml:14:13-41
34            android:configChanges="orientation|keyboardHidden|keyboard|screenSize|smallestScreenSize|locale|layoutDirection|fontScale|screenLayout|density|uiMode"
34-->src\main\AndroidManifest.xml:19:13-163
35            android:exported="true"
35-->src\main\AndroidManifest.xml:15:13-36
36            android:hardwareAccelerated="true"
36-->src\main\AndroidManifest.xml:20:13-47
37            android:launchMode="singleTop"
37-->src\main\AndroidManifest.xml:16:13-43
38            android:taskAffinity=""
38-->src\main\AndroidManifest.xml:17:13-36
39            android:theme="@style/LaunchTheme"
39-->src\main\AndroidManifest.xml:18:13-47
40            android:windowSoftInputMode="adjustResize" >
40-->src\main\AndroidManifest.xml:21:13-55
41
42            <!-- Specifies an Android theme to apply to this Activity -->
43            <meta-data
43-->src\main\AndroidManifest.xml:24:13-26:57
44                android:name="io.flutter.embedding.android.NormalTheme"
44-->src\main\AndroidManifest.xml:25:17-72
45                android:resource="@style/NormalTheme" />
45-->src\main\AndroidManifest.xml:26:17-54
46
47            <intent-filter>
47-->src\main\AndroidManifest.xml:28:13-31:29
48                <action android:name="android.intent.action.MAIN" />
48-->src\main\AndroidManifest.xml:29:17-68
48-->src\main\AndroidManifest.xml:29:25-66
49
50                <category android:name="android.intent.category.LAUNCHER" />
50-->src\main\AndroidManifest.xml:30:17-76
50-->src\main\AndroidManifest.xml:30:27-74
51            </intent-filter>
52        </activity>
53
54        <!-- Flutter Engine Embedding -->
55        <meta-data
55-->src\main\AndroidManifest.xml:35:9-37:33
56            android:name="flutterEmbedding"
56-->src\main\AndroidManifest.xml:36:13-44
57            android:value="2" />
57-->src\main\AndroidManifest.xml:37:13-30
58    </application>
59
60</manifest>